# JRE version: OpenJDK Runtime Environment 18.9 (11.0.11+9) (build 11.0.11+9)
# Java VM: OpenJDK 64-Bit Server VM 18.9 (11.0.11+9, mixed mode, tiered, compressed oops, g1 gc, linux-amd64)
Heap:
 garbage-first heap   total 114688K, used 91791K [0x00000000c0000000, 0x0000000100000000)
  region size 1024K, 5 young (5120K), 1 survivors (1024K)
 Metaspace       used 111723K, capacity 122290K, committed 122496K, reserved 1155072K
  class space    used 12461K, capacity 16220K, committed 16256K, reserved 1048576K
GC Heap History (20 events):
Event: 829.057 GC heap before
{Heap before GC invocations=689 (full 0):
 garbage-first heap   total 114688K, used 99930K [0x00000000c0000000, 0x0000000100000000)
  region size 1024K, 12 young (12288K), 1 survivors (1024K)
 Metaspace       used 111459K, capacity 122052K, committed 122240K, reserved 1155072K
  class space    used 12439K, capacity 16184K, committed 16256K, reserved 1048576K
}
Event: 829.057 GC heap after
{Heap after GC invocations=690 (full 0):
 garbage-first heap   total 114688K, used 88676K [0x00000000c0000000, 0x0000000100000000)
  region size 1024K, 1 young (1024K), 1 survivors (1024K)
 Metaspace       used 111459K, capacity 122052K, committed 122240K, reserved 1155072K
  class space    used 12439K, capacity 16184K, committed 16256K, reserved 1048576K
}
Event: 830.315 GC heap before
{Heap before GC invocations=690 (full 0):
 garbage-first heap   total 114688K, used 99940K [0x00000000c0000000, 0x0000000100000000)
  region size 1024K, 12 young (12288K), 1 survivors (1024K)
 Metaspace       used 111459K, capacity 122052K, committed 122240K, reserved 1155072K
  class space    used 12439K, capacity 16184K, committed 16256K, reserved 1048576K
}
Event: 830.316 GC heap after
{Heap after GC invocations=691 (full 0):
 garbage-first heap   total 114688K, used 88672K [0x00000000c0000000, 0x0000000100000000)
  region size 1024K, 1 young (1024K), 1 survivors (1024K)
 Metaspace       used 111459K, capacity 122052K, committed 122240K, reserved 1155072K
  class space    used 12439K, capacity 16184K, committed 16256K, reserved 1048576K
}
Event: 831.557 GC heap before
{Heap before GC invocations=691 (full 0):
 garbage-first heap   total 114688K, used 99936K [0x00000000c0000000, 0x0000000100000000)
  region size 1024K, 12 young (12288K), 1 survivors (1024K)
 Metaspace       used 111459K, capacity 122052K, committed 122240K, reserved 1155072K
  class space    used 12439K, capacity 16184K, committed 16256K, reserved 1048576K
}
Event: 831.558 GC heap after
{Heap after GC invocations=692 (full 0):
 garbage-first heap   total 114688K, used 88670K [0x00000000c0000000, 0x0000000100000000)
  region size 1024K, 1 young (1024K), 1 survivors (1024K)
 Metaspace       used 111459K, capacity 122052K, committed 122240K, reserved 1155072K
  class space    used 12439K, capacity 16184K, committed 16256K, reserved 1048576K
}
Event: 832.854 GC heap before
{Heap before GC invocations=692 (full 0):
 garbage-first heap   total 114688K, used 99934K [0x00000000c0000000, 0x0000000100000000)
  region size 1024K, 12 young (12288K), 1 survivors (1024K)
 Metaspace       used 111459K, capacity 122052K, committed 122240K, reserved 1155072K
  class space    used 12439K, capacity 16184K, committed 16256K, reserved 1048576K
}
Event: 832.855 GC heap after
{Heap after GC invocations=693 (full 0):
 garbage-first heap   total 114688K, used 88670K [0x00000000c0000000, 0x0000000100000000)
  region size 1024K, 1 young (1024K), 1 survivors (1024K)
 Metaspace       used 111459K, capacity 122052K, committed 122240K, reserved 1155072K
  class space    used 12439K, capacity 16184K, committed 16256K, reserved 1048576K
}
Event: 834.135 GC heap before
{Heap before GC invocations=693 (full 0):
 garbage-first heap   total 114688K, used 99934K [0x00000000c0000000, 0x0000000100000000)
  region size 1024K, 12 young (12288K), 1 survivors (1024K)
 Metaspace       used 111459K, capacity 122052K, committed 122240K, reserved 1155072K
  class space    used 12439K, capacity 16184K, committed 16256K, reserved 1048576K
}
Event: 834.136 GC heap after
{Heap after GC invocations=694 (full 0):
 garbage-first heap   total 114688K, used 88666K [0x00000000c0000000, 0x0000000100000000)
  region size 1024K, 1 young (1024K), 1 survivors (1024K)
 Metaspace       used 111459K, capacity 122052K, committed 122240K, reserved 1155072K
  class space    used 12439K, capacity 16184K, committed 16256K, reserved 1048576K
}
Event: 834.229 GC heap before
{Heap before GC invocations=694 (full 0):
 garbage-first heap   total 114688K, used 99930K [0x00000000c0000000, 0x0000000100000000)
  region size 1024K, 12 young (12288K), 1 survivors (1024K)
 Metaspace       used 111459K, capacity 122052K, committed 122240K, reserved 1155072K
  class space    used 12439K, capacity 16184K, committed 16256K, reserved 1048576K
}
Event: 834.230 GC heap after
{Heap after GC invocations=695 (full 0):
 garbage-first heap   total 114688K, used 88752K [0x00000000c0000000, 0x0000000100000000)
  region size 1024K, 1 young (1024K), 1 survivors (1024K)
 Metaspace       used 111459K, capacity 122052K, committed 122240K, reserved 1155072K
  class space    used 12439K, capacity 16184K, committed 16256K, reserved 1048576K
}
Event: 834.286 GC heap before
{Heap before GC invocations=695 (full 0):
 garbage-first heap   total 114688K, used 100016K [0x00000000c0000000, 0x0000000100000000)
  region size 1024K, 12 young (12288K), 1 survivors (1024K)
 Metaspace       used 111459K, capacity 122052K, committed 122240K, reserved 1155072K
  class space    used 12439K, capacity 16184K, committed 16256K, reserved 1048576K
}
Event: 834.286 GC heap after
{Heap after GC invocations=696 (full 0):
 garbage-first heap   total 114688K, used 88792K [0x00000000c0000000, 0x0000000100000000)
  region size 1024K, 1 young (1024K), 1 survivors (1024K)
 Metaspace       used 111459K, capacity 122052K, committed 122240K, reserved 1155072K
  class space    used 12439K, capacity 16184K, committed 16256K, reserved 1048576K
}
Event: 835.536 GC heap before
{Heap before GC invocations=696 (full 0):
 garbage-first heap   total 114688K, used 100056K [0x00000000c0000000, 0x0000000100000000)
  region size 1024K, 12 young (12288K), 1 survivors (1024K)
 Metaspace       used 111468K, capacity 122056K, committed 122240K, reserved 1155072K
  class space    used 12440K, capacity 16185K, committed 16256K, reserved 1048576K
}
Event: 835.537 GC heap after
{Heap after GC invocations=697 (full 0):
 garbage-first heap   total 114688K, used 88711K [0x00000000c0000000, 0x0000000100000000)
  region size 1024K, 1 young (1024K), 1 survivors (1024K)
 Metaspace       used 111468K, capacity 122056K, committed 122240K, reserved 1155072K
  class space    used 12440K, capacity 16185K, committed 16256K, reserved 1048576K
}
Event: 836.829 GC heap before
{Heap before GC invocations=697 (full 0):
 garbage-first heap   total 114688K, used 99975K [0x00000000c0000000, 0x0000000100000000)
  region size 1024K, 12 young (12288K), 1 survivors (1024K)
 Metaspace       used 111468K, capacity 122056K, committed 122240K, reserved 1155072K
  class space    used 12440K, capacity 16185K, committed 16256K, reserved 1048576K
}
Event: 836.829 GC heap after
{Heap after GC invocations=698 (full 0):
 garbage-first heap   total 114688K, used 88715K [0x00000000c0000000, 0x0000000100000000)
  region size 1024K, 1 young (1024K), 1 survivors (1024K)
 Metaspace       used 111468K, capacity 122056K, committed 122240K, reserved 1155072K
  class space    used 12440K, capacity 16185K, committed 16256K, reserved 1048576K
}
Event: 838.024 GC heap before
{Heap before GC invocations=698 (full 0):
 garbage-first heap   total 114688K, used 99979K [0x00000000c0000000, 0x0000000100000000)
  region size 1024K, 12 young (12288K), 1 survivors (1024K)
 Metaspace       used 111478K, capacity 122057K, committed 122240K, reserved 1155072K
  class space    used 12440K, capacity 16185K, committed 16256K, reserved 1048576K
}
Event: 838.025 GC heap after
{Heap after GC invocations=699 (full 0):
 garbage-first heap   total 114688K, used 88719K [0x00000000c0000000, 0x0000000100000000)
  region size 1024K, 1 young (1024K), 1 survivors (1024K)
 Metaspace       used 111478K, capacity 122057K, committed 122240K, reserved 1155072K
  class space    used 12440K, capacity 16185K, committed 16256K, reserved 1048576K
}

